<?xml version="1.0" encoding="UTF-8"?>
<!-- Generated by org.testng.reporters.JUnitReportReporter -->
<testsuite hostname="LAPTOP-ABRU889D" failures="0" tests="1" name="TestingApp.RegistrationTest" time="7.220" errors="0" timestamp="2025-06-19T06:53:38 IST" skipped="0">
  <testcase classname="TestingApp.RegistrationTest" name="verify_registration" time="7.220"/>
  <system-out/>
</testsuite> <!-- TestingApp.RegistrationTest -->
