<?xml version="1.0" encoding="UTF-8"?>
<!-- Generated by org.testng.reporters.JUnitReportReporter -->
<testsuite hostname="LAPTOP-ABRU889D" failures="0" tests="1" name="TestingApp.RegistrationTest" time="16.553" errors="0" timestamp="2025-05-24T17:28:16 IST" skipped="0">
  <testcase classname="TestingApp.RegistrationTest" name="verify_registration" time="16.553"/>
  <system-out/>
</testsuite> <!-- TestingApp.RegistrationTest -->
